2024-11-02 10:38:31,413 - INFO - 
worker_0: val_loss: 0.5120, val_error: 0.2157, auc: 0.6023
2024-11-02 10:38:31,414 - INFO - worker_0 - class 0: acc 1.0, correct 40/40
2024-11-02 10:38:31,414 - INFO - worker_0 - class 1: acc 0.0, correct 0/11
2024-11-02 10:38:37,841 - INFO - 
worker_1: val_loss: 0.5899, val_error: 0.2800, auc: 0.6944
2024-11-02 10:38:37,841 - INFO - worker_1 - class 0: acc 1.0, correct 36/36
2024-11-02 10:38:37,842 - INFO - worker_1 - class 1: acc 0.0, correct 0/14
2024-11-02 10:38:37,846 - INFO - 
Total: val_loss: 0.5510, val_error: 0.2478, auc: 0.6526
2024-11-02 10:38:44,949 - INFO - 
loader_0: test_error: 0.2745, auc: 0.6544
2024-11-02 10:38:44,951 - INFO - loader_0 - class 0: acc 1.0, correct 37/37
2024-11-02 10:38:44,952 - INFO - loader_0 - class 1: acc 0.0, correct 0/14
2024-11-02 10:38:52,606 - INFO - 
loader_1: test_error: 0.1765, auc: 0.6429
2024-11-02 10:38:52,608 - INFO - loader_1 - class 0: acc 1.0, correct 42/42
2024-11-02 10:38:52,610 - INFO - loader_1 - class 1: acc 0.0, correct 0/9
2024-11-02 10:38:52,623 - INFO - 
Total: test_error: 0.2255, auc: 0.6610
2024-11-02 10:40:52,895 - INFO - 
worker_0: val_loss: 0.5206, val_error: 0.2157, auc: 0.5955
2024-11-02 10:40:52,896 - INFO - worker_0 - class 0: acc 1.0, correct 40/40
2024-11-02 10:40:52,897 - INFO - worker_0 - class 1: acc 0.0, correct 0/11
2024-11-02 10:40:57,432 - INFO - 
worker_1: val_loss: 0.6164, val_error: 0.2800, auc: 0.6905
2024-11-02 10:40:57,432 - INFO - worker_1 - class 0: acc 1.0, correct 36/36
2024-11-02 10:40:57,433 - INFO - worker_1 - class 1: acc 0.0, correct 0/14
2024-11-02 10:40:57,439 - INFO - 
Total: val_loss: 0.5685, val_error: 0.2478, auc: 0.6516
2024-11-02 10:41:04,244 - INFO - 
loader_0: test_error: 0.2745, auc: 0.6660
2024-11-02 10:41:04,245 - INFO - loader_0 - class 0: acc 1.0, correct 37/37
2024-11-02 10:41:04,246 - INFO - loader_0 - class 1: acc 0.0, correct 0/14
2024-11-02 10:41:11,300 - INFO - 
loader_1: test_error: 0.1765, auc: 0.6376
2024-11-02 10:41:11,302 - INFO - loader_1 - class 0: acc 1.0, correct 42/42
2024-11-02 10:41:11,302 - INFO - loader_1 - class 1: acc 0.0, correct 0/9
2024-11-02 10:41:11,307 - INFO - 
Total: test_error: 0.2255, auc: 0.6599
2024-11-02 10:42:52,581 - INFO - 
worker_0: val_loss: 0.5298, val_error: 0.2157, auc: 0.5977
2024-11-02 10:42:52,582 - INFO - worker_0 - class 0: acc 1.0, correct 40/40
2024-11-02 10:42:52,583 - INFO - worker_0 - class 1: acc 0.0, correct 0/11
2024-11-02 10:42:57,890 - INFO - 
worker_1: val_loss: 0.6308, val_error: 0.2800, auc: 0.6925
2024-11-02 10:42:57,892 - INFO - worker_1 - class 0: acc 1.0, correct 36/36
2024-11-02 10:42:57,894 - INFO - worker_1 - class 1: acc 0.0, correct 0/14
2024-11-02 10:42:57,909 - INFO - 
Total: val_loss: 0.5803, val_error: 0.2478, auc: 0.6532
2024-11-02 10:43:02,992 - INFO - 
loader_0: test_error: 0.2745, auc: 0.6718
2024-11-02 10:43:02,993 - INFO - loader_0 - class 0: acc 1.0, correct 37/37
2024-11-02 10:43:02,993 - INFO - loader_0 - class 1: acc 0.0, correct 0/14
2024-11-02 10:43:07,565 - INFO - 
loader_1: test_error: 0.1765, auc: 0.6270
2024-11-02 10:43:07,566 - INFO - loader_1 - class 0: acc 1.0, correct 42/42
2024-11-02 10:43:07,567 - INFO - loader_1 - class 1: acc 0.0, correct 0/9
2024-11-02 10:43:07,572 - INFO - 
Total: test_error: 0.2255, auc: 0.6588
2024-11-02 10:44:29,637 - INFO - 
worker_0: val_loss: 0.5549, val_error: 0.2157, auc: 0.5977
2024-11-02 10:44:29,639 - INFO - worker_0 - class 0: acc 1.0, correct 40/40
2024-11-02 10:44:29,641 - INFO - worker_0 - class 1: acc 0.0, correct 0/11
2024-11-02 10:44:38,057 - INFO - 
worker_1: val_loss: 0.6718, val_error: 0.2800, auc: 0.6944
2024-11-02 10:44:38,058 - INFO - worker_1 - class 0: acc 1.0, correct 36/36
2024-11-02 10:44:38,058 - INFO - worker_1 - class 1: acc 0.0, correct 0/14
2024-11-02 10:44:38,086 - INFO - 
Total: val_loss: 0.6133, val_error: 0.2478, auc: 0.6521
2024-11-02 10:44:46,668 - INFO - 
loader_0: test_error: 0.2745, auc: 0.6718
2024-11-02 10:44:46,669 - INFO - loader_0 - class 0: acc 1.0, correct 37/37
2024-11-02 10:44:46,669 - INFO - loader_0 - class 1: acc 0.0, correct 0/14
2024-11-02 10:44:54,183 - INFO - 
loader_1: test_error: 0.1765, auc: 0.6270
2024-11-02 10:44:54,186 - INFO - loader_1 - class 0: acc 1.0, correct 42/42
2024-11-02 10:44:54,187 - INFO - loader_1 - class 1: acc 0.0, correct 0/9
2024-11-02 10:44:54,193 - INFO - 
Total: test_error: 0.2255, auc: 0.6582
2024-11-02 10:46:25,001 - INFO - 
worker_0: val_loss: 0.5244, val_error: 0.2157, auc: 0.6023
2024-11-02 10:46:25,002 - INFO - worker_0 - class 0: acc 1.0, correct 40/40
2024-11-02 10:46:25,003 - INFO - worker_0 - class 1: acc 0.0, correct 0/11
2024-11-02 10:46:30,695 - INFO - 
worker_1: val_loss: 0.6098, val_error: 0.2800, auc: 0.6984
2024-11-02 10:46:30,696 - INFO - worker_1 - class 0: acc 1.0, correct 36/36
2024-11-02 10:46:30,696 - INFO - worker_1 - class 1: acc 0.0, correct 0/14
2024-11-02 10:46:30,702 - INFO - 
Total: val_loss: 0.5671, val_error: 0.2478, auc: 0.6532
2024-11-02 10:46:37,809 - INFO - 
loader_0: test_error: 0.2745, auc: 0.6834
2024-11-02 10:46:37,810 - INFO - loader_0 - class 0: acc 1.0, correct 37/37
2024-11-02 10:46:37,810 - INFO - loader_0 - class 1: acc 0.0, correct 0/14
2024-11-02 10:46:41,477 - INFO - 
loader_1: test_error: 0.1765, auc: 0.6296
2024-11-02 10:46:41,478 - INFO - loader_1 - class 0: acc 1.0, correct 42/42
2024-11-02 10:46:41,478 - INFO - loader_1 - class 1: acc 0.0, correct 0/9
2024-11-02 10:46:41,484 - INFO - 
Total: test_error: 0.2255, auc: 0.6593
2024-11-02 10:48:16,509 - INFO - 
worker_0: val_loss: 0.5410, val_error: 0.2157, auc: 0.6000
2024-11-02 10:48:16,510 - INFO - worker_0 - class 0: acc 1.0, correct 40/40
2024-11-02 10:48:16,510 - INFO - worker_0 - class 1: acc 0.0, correct 0/11
2024-11-02 10:48:21,654 - INFO - 
worker_1: val_loss: 0.6420, val_error: 0.2800, auc: 0.7044
2024-11-02 10:48:21,655 - INFO - worker_1 - class 0: acc 1.0, correct 36/36
2024-11-02 10:48:21,656 - INFO - worker_1 - class 1: acc 0.0, correct 0/14
2024-11-02 10:48:21,664 - INFO - 
Total: val_loss: 0.5915, val_error: 0.2478, auc: 0.6563
2024-11-02 10:48:27,186 - INFO - 
loader_0: test_error: 0.2745, auc: 0.6892
2024-11-02 10:48:27,188 - INFO - loader_0 - class 0: acc 1.0, correct 37/37
2024-11-02 10:48:27,189 - INFO - loader_0 - class 1: acc 0.0, correct 0/14
2024-11-02 10:48:33,047 - INFO - 
loader_1: test_error: 0.1765, auc: 0.6402
2024-11-02 10:48:33,048 - INFO - loader_1 - class 0: acc 1.0, correct 42/42
2024-11-02 10:48:33,048 - INFO - loader_1 - class 1: acc 0.0, correct 0/9
2024-11-02 10:48:33,056 - INFO - 
Total: test_error: 0.2255, auc: 0.6654
2024-11-02 10:50:10,161 - INFO - 
worker_0: val_loss: 0.5118, val_error: 0.2157, auc: 0.6000
2024-11-02 10:50:10,164 - INFO - worker_0 - class 0: acc 1.0, correct 40/40
2024-11-02 10:50:10,165 - INFO - worker_0 - class 1: acc 0.0, correct 0/11
2024-11-02 10:50:15,110 - INFO - 
worker_1: val_loss: 0.5552, val_error: 0.2800, auc: 0.6964
2024-11-02 10:50:15,112 - INFO - worker_1 - class 0: acc 1.0, correct 36/36
2024-11-02 10:50:15,113 - INFO - worker_1 - class 1: acc 0.0, correct 0/14
2024-11-02 10:50:15,123 - INFO - 
Total: val_loss: 0.5335, val_error: 0.2478, auc: 0.6505
2024-11-02 10:50:20,628 - INFO - 
loader_0: test_error: 0.2745, auc: 0.6873
2024-11-02 10:50:20,629 - INFO - loader_0 - class 0: acc 1.0, correct 37/37
2024-11-02 10:50:20,629 - INFO - loader_0 - class 1: acc 0.0, correct 0/14
2024-11-02 10:50:25,805 - INFO - 
loader_1: test_error: 0.1765, auc: 0.6481
2024-11-02 10:50:25,807 - INFO - loader_1 - class 0: acc 1.0, correct 42/42
2024-11-02 10:50:25,807 - INFO - loader_1 - class 1: acc 0.0, correct 0/9
2024-11-02 10:50:25,809 - INFO - 
Total: test_error: 0.2255, auc: 0.6665
2024-11-02 10:51:50,211 - INFO - 
worker_0: val_loss: 0.5536, val_error: 0.2157, auc: 0.6045
2024-11-02 10:51:50,212 - INFO - worker_0 - class 0: acc 1.0, correct 40/40
2024-11-02 10:51:50,213 - INFO - worker_0 - class 1: acc 0.0, correct 0/11
2024-11-02 10:51:56,708 - INFO - 
worker_1: val_loss: 0.6577, val_error: 0.2800, auc: 0.7123
2024-11-02 10:51:56,710 - INFO - worker_1 - class 0: acc 1.0, correct 36/36
2024-11-02 10:51:56,711 - INFO - worker_1 - class 1: acc 0.0, correct 0/14
2024-11-02 10:51:56,718 - INFO - 
Total: val_loss: 0.6056, val_error: 0.2478, auc: 0.6605
2024-11-02 10:52:03,505 - INFO - 
loader_0: test_error: 0.2745, auc: 0.6950
2024-11-02 10:52:03,516 - INFO - loader_0 - class 0: acc 1.0, correct 37/37
2024-11-02 10:52:03,516 - INFO - loader_0 - class 1: acc 0.0, correct 0/14
2024-11-02 10:52:10,805 - INFO - 
loader_1: test_error: 0.1765, auc: 0.6614
2024-11-02 10:52:10,810 - INFO - loader_1 - class 0: acc 1.0, correct 42/42
2024-11-02 10:52:10,812 - INFO - loader_1 - class 1: acc 0.0, correct 0/9
2024-11-02 10:52:10,825 - INFO - 
Total: test_error: 0.2255, auc: 0.6736
2024-11-02 10:53:34,158 - INFO - 
worker_0: val_loss: 0.5160, val_error: 0.2157, auc: 0.6000
2024-11-02 10:53:34,159 - INFO - worker_0 - class 0: acc 1.0, correct 40/40
2024-11-02 10:53:34,160 - INFO - worker_0 - class 1: acc 0.0, correct 0/11
2024-11-02 10:53:38,457 - INFO - 
worker_1: val_loss: 0.5648, val_error: 0.2800, auc: 0.7183
2024-11-02 10:53:38,458 - INFO - worker_1 - class 0: acc 1.0, correct 36/36
2024-11-02 10:53:38,459 - INFO - worker_1 - class 1: acc 0.0, correct 0/14
2024-11-02 10:53:38,465 - INFO - 
Total: val_loss: 0.5404, val_error: 0.2478, auc: 0.6611
2024-11-02 10:53:42,620 - INFO - 
loader_0: test_error: 0.2745, auc: 0.6911
2024-11-02 10:53:42,621 - INFO - loader_0 - class 0: acc 1.0, correct 37/37
2024-11-02 10:53:42,621 - INFO - loader_0 - class 1: acc 0.0, correct 0/14
2024-11-02 10:53:48,228 - INFO - 
loader_1: test_error: 0.1765, auc: 0.6508
2024-11-02 10:53:48,229 - INFO - loader_1 - class 0: acc 1.0, correct 42/42
2024-11-02 10:53:48,229 - INFO - loader_1 - class 1: acc 0.0, correct 0/9
2024-11-02 10:53:48,233 - INFO - 
Total: test_error: 0.2255, auc: 0.6698
2024-11-02 10:55:05,992 - INFO - 
worker_0: val_loss: 0.5140, val_error: 0.2157, auc: 0.5977
2024-11-02 10:55:05,993 - INFO - worker_0 - class 0: acc 1.0, correct 40/40
2024-11-02 10:55:05,994 - INFO - worker_0 - class 1: acc 0.0, correct 0/11
2024-11-02 10:55:10,689 - INFO - 
worker_1: val_loss: 0.5522, val_error: 0.2800, auc: 0.7222
2024-11-02 10:55:10,690 - INFO - worker_1 - class 0: acc 1.0, correct 36/36
2024-11-02 10:55:10,691 - INFO - worker_1 - class 1: acc 0.0, correct 0/14
2024-11-02 10:55:10,698 - INFO - 
Total: val_loss: 0.5331, val_error: 0.2478, auc: 0.6605
2024-11-02 10:55:15,375 - INFO - 
loader_0: test_error: 0.2745, auc: 0.6911
2024-11-02 10:55:15,376 - INFO - loader_0 - class 0: acc 1.0, correct 37/37
2024-11-02 10:55:15,376 - INFO - loader_0 - class 1: acc 0.0, correct 0/14
2024-11-02 10:55:19,835 - INFO - 
loader_1: test_error: 0.1765, auc: 0.6746
2024-11-02 10:55:19,836 - INFO - loader_1 - class 0: acc 1.0, correct 42/42
2024-11-02 10:55:19,837 - INFO - loader_1 - class 1: acc 0.0, correct 0/9
2024-11-02 10:55:19,842 - INFO - 
Total: test_error: 0.2255, auc: 0.6764
2024-11-02 10:56:34,056 - INFO - 
worker_0: val_loss: 0.5178, val_error: 0.2157, auc: 0.5932
2024-11-02 10:56:34,056 - INFO - worker_0 - class 0: acc 1.0, correct 40/40
2024-11-02 10:56:34,057 - INFO - worker_0 - class 1: acc 0.0, correct 0/11
2024-11-02 10:56:39,046 - INFO - 
worker_1: val_loss: 0.5578, val_error: 0.2800, auc: 0.7242
2024-11-02 10:56:39,047 - INFO - worker_1 - class 0: acc 1.0, correct 36/36
2024-11-02 10:56:39,048 - INFO - worker_1 - class 1: acc 0.0, correct 0/14
2024-11-02 10:56:39,088 - INFO - 
Total: val_loss: 0.5378, val_error: 0.2478, auc: 0.6637
2024-11-02 10:56:44,386 - INFO - 
loader_0: test_error: 0.2745, auc: 0.7066
2024-11-02 10:56:44,388 - INFO - loader_0 - class 0: acc 1.0, correct 37/37
2024-11-02 10:56:44,388 - INFO - loader_0 - class 1: acc 0.0, correct 0/14
2024-11-02 10:56:49,085 - INFO - 
loader_1: test_error: 0.1569, auc: 0.6799
2024-11-02 10:56:49,086 - INFO - loader_1 - class 0: acc 1.0, correct 42/42
2024-11-02 10:56:49,086 - INFO - loader_1 - class 1: acc 0.1111111111111111, correct 1/9
2024-11-02 10:56:49,090 - INFO - 
Total: test_error: 0.2157, auc: 0.6830
2024-11-02 10:58:21,165 - INFO - 
worker_0: val_loss: 0.5375, val_error: 0.2157, auc: 0.5955
2024-11-02 10:58:21,167 - INFO - worker_0 - class 0: acc 1.0, correct 40/40
2024-11-02 10:58:21,168 - INFO - worker_0 - class 1: acc 0.0, correct 0/11
2024-11-02 10:58:26,253 - INFO - 
worker_1: val_loss: 0.6053, val_error: 0.2800, auc: 0.7282
2024-11-02 10:58:26,254 - INFO - worker_1 - class 0: acc 1.0, correct 36/36
2024-11-02 10:58:26,256 - INFO - worker_1 - class 1: acc 0.0, correct 0/14
2024-11-02 10:58:26,265 - INFO - 
Total: val_loss: 0.5714, val_error: 0.2478, auc: 0.6674
2024-11-02 10:58:31,117 - INFO - 
loader_0: test_error: 0.2745, auc: 0.7085
2024-11-02 10:58:31,118 - INFO - loader_0 - class 0: acc 1.0, correct 37/37
2024-11-02 10:58:31,118 - INFO - loader_0 - class 1: acc 0.0, correct 0/14
2024-11-02 10:58:35,621 - INFO - 
loader_1: test_error: 0.1765, auc: 0.6905
2024-11-02 10:58:35,622 - INFO - loader_1 - class 0: acc 1.0, correct 42/42
2024-11-02 10:58:35,622 - INFO - loader_1 - class 1: acc 0.0, correct 0/9
2024-11-02 10:58:35,626 - INFO - 
Total: test_error: 0.2255, auc: 0.6890
2024-11-02 11:00:14,588 - INFO - 
worker_0: val_loss: 0.5249, val_error: 0.2157, auc: 0.5932
2024-11-02 11:00:14,589 - INFO - worker_0 - class 0: acc 1.0, correct 40/40
2024-11-02 11:00:14,590 - INFO - worker_0 - class 1: acc 0.0, correct 0/11
2024-11-02 11:00:20,009 - INFO - 
worker_1: val_loss: 0.5700, val_error: 0.2800, auc: 0.7242
2024-11-02 11:00:20,010 - INFO - worker_1 - class 0: acc 1.0, correct 36/36
2024-11-02 11:00:20,011 - INFO - worker_1 - class 1: acc 0.0, correct 0/14
2024-11-02 11:00:20,028 - INFO - 
Total: val_loss: 0.5474, val_error: 0.2478, auc: 0.6711
2024-11-02 11:00:24,801 - INFO - 
loader_0: test_error: 0.2745, auc: 0.7104
2024-11-02 11:00:24,802 - INFO - loader_0 - class 0: acc 1.0, correct 37/37
2024-11-02 11:00:24,802 - INFO - loader_0 - class 1: acc 0.0, correct 0/14
2024-11-02 11:00:29,281 - INFO - 
loader_1: test_error: 0.1765, auc: 0.6931
2024-11-02 11:00:29,282 - INFO - loader_1 - class 0: acc 1.0, correct 42/42
2024-11-02 11:00:29,282 - INFO - loader_1 - class 1: acc 0.0, correct 0/9
2024-11-02 11:00:29,286 - INFO - 
Total: test_error: 0.2255, auc: 0.6901
2024-11-02 11:01:57,747 - INFO - 
worker_0: val_loss: 0.5360, val_error: 0.2157, auc: 0.5932
2024-11-02 11:01:57,749 - INFO - worker_0 - class 0: acc 1.0, correct 40/40
2024-11-02 11:01:57,750 - INFO - worker_0 - class 1: acc 0.0, correct 0/11
2024-11-02 11:02:02,879 - INFO - 
worker_1: val_loss: 0.5820, val_error: 0.2800, auc: 0.7341
2024-11-02 11:02:02,888 - INFO - worker_1 - class 0: acc 1.0, correct 36/36
2024-11-02 11:02:02,889 - INFO - worker_1 - class 1: acc 0.0, correct 0/14
2024-11-02 11:02:02,901 - INFO - 
Total: val_loss: 0.5590, val_error: 0.2478, auc: 0.6726
2024-11-02 11:02:07,926 - INFO - 
loader_0: test_error: 0.2745, auc: 0.7124
2024-11-02 11:02:07,927 - INFO - loader_0 - class 0: acc 1.0, correct 37/37
2024-11-02 11:02:07,927 - INFO - loader_0 - class 1: acc 0.0, correct 0/14
2024-11-02 11:02:13,300 - INFO - 
loader_1: test_error: 0.1765, auc: 0.6984
2024-11-02 11:02:13,302 - INFO - loader_1 - class 0: acc 1.0, correct 42/42
2024-11-02 11:02:13,302 - INFO - loader_1 - class 1: acc 0.0, correct 0/9
2024-11-02 11:02:13,307 - INFO - 
Total: test_error: 0.2255, auc: 0.6951
2024-11-02 11:03:39,436 - INFO - 
worker_0: val_loss: 0.5249, val_error: 0.2353, auc: 0.5841
2024-11-02 11:03:39,437 - INFO - worker_0 - class 0: acc 0.975, correct 39/40
2024-11-02 11:03:39,437 - INFO - worker_0 - class 1: acc 0.0, correct 0/11
2024-11-02 11:03:44,412 - INFO - 
worker_1: val_loss: 0.5248, val_error: 0.2800, auc: 0.7440
2024-11-02 11:03:44,413 - INFO - worker_1 - class 0: acc 1.0, correct 36/36
2024-11-02 11:03:44,414 - INFO - worker_1 - class 1: acc 0.0, correct 0/14
2024-11-02 11:03:44,423 - INFO - 
Total: val_loss: 0.5248, val_error: 0.2576, auc: 0.6721
2024-11-02 11:03:49,682 - INFO - 
loader_0: test_error: 0.2549, auc: 0.7143
2024-11-02 11:03:49,684 - INFO - loader_0 - class 0: acc 1.0, correct 37/37
2024-11-02 11:03:49,684 - INFO - loader_0 - class 1: acc 0.07142857142857142, correct 1/14
2024-11-02 11:03:55,226 - INFO - 
loader_1: test_error: 0.1373, auc: 0.7011
2024-11-02 11:03:55,228 - INFO - loader_1 - class 0: acc 1.0, correct 42/42
2024-11-02 11:03:55,229 - INFO - loader_1 - class 1: acc 0.2222222222222222, correct 2/9
2024-11-02 11:03:55,236 - INFO - 
Total: test_error: 0.1961, auc: 0.6995
2024-11-02 11:05:20,043 - INFO - 
worker_0: val_loss: 0.5362, val_error: 0.2157, auc: 0.5886
2024-11-02 11:05:20,044 - INFO - worker_0 - class 0: acc 1.0, correct 40/40
2024-11-02 11:05:20,045 - INFO - worker_0 - class 1: acc 0.0, correct 0/11
2024-11-02 11:05:25,848 - INFO - 
worker_1: val_loss: 0.5604, val_error: 0.2800, auc: 0.7480
2024-11-02 11:05:25,849 - INFO - worker_1 - class 0: acc 1.0, correct 36/36
2024-11-02 11:05:25,849 - INFO - worker_1 - class 1: acc 0.0, correct 0/14
2024-11-02 11:05:25,856 - INFO - 
Total: val_loss: 0.5483, val_error: 0.2478, auc: 0.6789
2024-11-02 11:05:31,055 - INFO - 
loader_0: test_error: 0.2745, auc: 0.7278
2024-11-02 11:05:31,056 - INFO - loader_0 - class 0: acc 1.0, correct 37/37
2024-11-02 11:05:31,056 - INFO - loader_0 - class 1: acc 0.0, correct 0/14
2024-11-02 11:05:36,417 - INFO - 
loader_1: test_error: 0.1569, auc: 0.7011
2024-11-02 11:05:36,422 - INFO - loader_1 - class 0: acc 1.0, correct 42/42
2024-11-02 11:05:36,423 - INFO - loader_1 - class 1: acc 0.1111111111111111, correct 1/9
2024-11-02 11:05:36,431 - INFO - 
Total: test_error: 0.2157, auc: 0.7056
2024-11-02 11:06:58,818 - INFO - 
worker_0: val_loss: 0.5380, val_error: 0.2157, auc: 0.5864
2024-11-02 11:06:58,819 - INFO - worker_0 - class 0: acc 1.0, correct 40/40
2024-11-02 11:06:58,821 - INFO - worker_0 - class 1: acc 0.0, correct 0/11
2024-11-02 11:07:08,306 - INFO - 
worker_1: val_loss: 0.5465, val_error: 0.2800, auc: 0.7480
2024-11-02 11:07:08,307 - INFO - worker_1 - class 0: acc 1.0, correct 36/36
2024-11-02 11:07:08,308 - INFO - worker_1 - class 1: acc 0.0, correct 0/14
2024-11-02 11:07:08,322 - INFO - 
Total: val_loss: 0.5422, val_error: 0.2478, auc: 0.6774
2024-11-02 11:07:17,589 - INFO - 
loader_0: test_error: 0.2745, auc: 0.7413
2024-11-02 11:07:17,592 - INFO - loader_0 - class 0: acc 1.0, correct 37/37
2024-11-02 11:07:17,592 - INFO - loader_0 - class 1: acc 0.0, correct 0/14
2024-11-02 11:07:24,313 - INFO - 
loader_1: test_error: 0.1569, auc: 0.7037
2024-11-02 11:07:24,314 - INFO - loader_1 - class 0: acc 1.0, correct 42/42
2024-11-02 11:07:24,314 - INFO - loader_1 - class 1: acc 0.1111111111111111, correct 1/9
2024-11-02 11:07:24,320 - INFO - 
Total: test_error: 0.2157, auc: 0.7160
2024-11-02 11:08:47,328 - INFO - 
worker_0: val_loss: 0.5694, val_error: 0.2157, auc: 0.5705
2024-11-02 11:08:47,329 - INFO - worker_0 - class 0: acc 1.0, correct 40/40
2024-11-02 11:08:47,330 - INFO - worker_0 - class 1: acc 0.0, correct 0/11
2024-11-02 11:08:53,353 - INFO - 
worker_1: val_loss: 0.5838, val_error: 0.2800, auc: 0.7579
2024-11-02 11:08:53,354 - INFO - worker_1 - class 0: acc 1.0, correct 36/36
2024-11-02 11:08:53,354 - INFO - worker_1 - class 1: acc 0.0, correct 0/14
2024-11-02 11:08:53,361 - INFO - 
Total: val_loss: 0.5766, val_error: 0.2478, auc: 0.6784
2024-11-02 11:08:58,570 - INFO - 
loader_0: test_error: 0.2745, auc: 0.7490
2024-11-02 11:08:58,571 - INFO - loader_0 - class 0: acc 1.0, correct 37/37
2024-11-02 11:08:58,571 - INFO - loader_0 - class 1: acc 0.0, correct 0/14
2024-11-02 11:09:03,683 - INFO - 
loader_1: test_error: 0.1569, auc: 0.7116
2024-11-02 11:09:03,690 - INFO - loader_1 - class 0: acc 1.0, correct 42/42
2024-11-02 11:09:03,691 - INFO - loader_1 - class 1: acc 0.1111111111111111, correct 1/9
2024-11-02 11:09:03,701 - INFO - 
Total: test_error: 0.2157, auc: 0.7204
2024-11-02 11:10:09,017 - INFO - 
worker_0: val_loss: 0.5476, val_error: 0.2157, auc: 0.5750
2024-11-02 11:10:09,018 - INFO - worker_0 - class 0: acc 1.0, correct 40/40
2024-11-02 11:10:09,019 - INFO - worker_0 - class 1: acc 0.0, correct 0/11
2024-11-02 11:10:14,297 - INFO - 
worker_1: val_loss: 0.5348, val_error: 0.2800, auc: 0.7679
2024-11-02 11:10:14,298 - INFO - worker_1 - class 0: acc 1.0, correct 36/36
2024-11-02 11:10:14,299 - INFO - worker_1 - class 1: acc 0.0, correct 0/14
2024-11-02 11:10:14,304 - INFO - 
Total: val_loss: 0.5412, val_error: 0.2478, auc: 0.6800
2024-11-02 11:10:19,261 - INFO - 
loader_0: test_error: 0.2549, auc: 0.7490
2024-11-02 11:10:19,262 - INFO - loader_0 - class 0: acc 1.0, correct 37/37
2024-11-02 11:10:19,263 - INFO - loader_0 - class 1: acc 0.07142857142857142, correct 1/14
2024-11-02 11:10:24,021 - INFO - 
loader_1: test_error: 0.1373, auc: 0.7275
2024-11-02 11:10:24,021 - INFO - loader_1 - class 0: acc 1.0, correct 42/42
2024-11-02 11:10:24,021 - INFO - loader_1 - class 1: acc 0.2222222222222222, correct 2/9
2024-11-02 11:10:24,024 - INFO - 
Total: test_error: 0.1961, auc: 0.7254
2024-11-02 11:11:30,838 - INFO - 
worker_0: val_loss: 0.5816, val_error: 0.2157, auc: 0.5659
2024-11-02 11:11:30,839 - INFO - worker_0 - class 0: acc 1.0, correct 40/40
2024-11-02 11:11:30,840 - INFO - worker_0 - class 1: acc 0.0, correct 0/11
2024-11-02 11:11:35,066 - INFO - 
worker_1: val_loss: 0.5809, val_error: 0.2800, auc: 0.7718
2024-11-02 11:11:35,066 - INFO - worker_1 - class 0: acc 1.0, correct 36/36
2024-11-02 11:11:35,066 - INFO - worker_1 - class 1: acc 0.0, correct 0/14
2024-11-02 11:11:35,070 - INFO - 
Total: val_loss: 0.5812, val_error: 0.2478, auc: 0.6805
2024-11-02 11:11:40,400 - INFO - 
loader_0: test_error: 0.2745, auc: 0.7510
2024-11-02 11:11:40,400 - INFO - loader_0 - class 0: acc 1.0, correct 37/37
2024-11-02 11:11:40,400 - INFO - loader_0 - class 1: acc 0.0, correct 0/14
2024-11-02 11:11:47,470 - INFO - 
loader_1: test_error: 0.1569, auc: 0.7354
2024-11-02 11:11:47,471 - INFO - loader_1 - class 0: acc 1.0, correct 42/42
2024-11-02 11:11:47,472 - INFO - loader_1 - class 1: acc 0.1111111111111111, correct 1/9
2024-11-02 11:11:47,480 - INFO - 
Total: test_error: 0.2157, auc: 0.7303
2024-11-02 11:13:22,089 - INFO - 
worker_0: val_loss: 0.5592, val_error: 0.2157, auc: 0.5727
2024-11-02 11:13:22,091 - INFO - worker_0 - class 0: acc 0.975, correct 39/40
2024-11-02 11:13:22,093 - INFO - worker_0 - class 1: acc 0.09090909090909091, correct 1/11
2024-11-02 11:13:27,199 - INFO - 
worker_1: val_loss: 0.5191, val_error: 0.2800, auc: 0.7738
2024-11-02 11:13:27,200 - INFO - worker_1 - class 0: acc 1.0, correct 36/36
2024-11-02 11:13:27,201 - INFO - worker_1 - class 1: acc 0.0, correct 0/14
2024-11-02 11:13:27,214 - INFO - 
Total: val_loss: 0.5391, val_error: 0.2478, auc: 0.6832
2024-11-02 11:13:32,463 - INFO - 
loader_0: test_error: 0.2353, auc: 0.7587
2024-11-02 11:13:32,465 - INFO - loader_0 - class 0: acc 1.0, correct 37/37
2024-11-02 11:13:32,465 - INFO - loader_0 - class 1: acc 0.14285714285714285, correct 2/14
2024-11-02 11:13:36,810 - INFO - 
loader_1: test_error: 0.1373, auc: 0.7328
2024-11-02 11:13:36,811 - INFO - loader_1 - class 0: acc 0.9761904761904762, correct 41/42
2024-11-02 11:13:36,811 - INFO - loader_1 - class 1: acc 0.3333333333333333, correct 3/9
2024-11-02 11:13:36,816 - INFO - 
Total: test_error: 0.1863, auc: 0.7298
2024-11-02 11:14:51,243 - INFO - 
worker_0: val_loss: 0.5582, val_error: 0.2157, auc: 0.5750
2024-11-02 11:14:51,252 - INFO - worker_0 - class 0: acc 0.975, correct 39/40
2024-11-02 11:14:51,253 - INFO - worker_0 - class 1: acc 0.09090909090909091, correct 1/11
2024-11-02 11:14:57,534 - INFO - 
worker_1: val_loss: 0.5181, val_error: 0.2800, auc: 0.7837
2024-11-02 11:14:57,535 - INFO - worker_1 - class 0: acc 1.0, correct 36/36
2024-11-02 11:14:57,537 - INFO - worker_1 - class 1: acc 0.0, correct 0/14
2024-11-02 11:14:57,550 - INFO - 
Total: val_loss: 0.5381, val_error: 0.2478, auc: 0.6889
2024-11-02 11:15:04,392 - INFO - 
loader_0: test_error: 0.2353, auc: 0.7703
2024-11-02 11:15:04,393 - INFO - loader_0 - class 0: acc 1.0, correct 37/37
2024-11-02 11:15:04,394 - INFO - loader_0 - class 1: acc 0.14285714285714285, correct 2/14
2024-11-02 11:15:09,948 - INFO - 
loader_1: test_error: 0.1176, auc: 0.7249
2024-11-02 11:15:09,949 - INFO - loader_1 - class 0: acc 1.0, correct 42/42
2024-11-02 11:15:09,950 - INFO - loader_1 - class 1: acc 0.3333333333333333, correct 3/9
2024-11-02 11:15:09,959 - INFO - 
Total: test_error: 0.1765, auc: 0.7353
2024-11-02 11:16:17,242 - INFO - 
worker_0: val_loss: 0.5476, val_error: 0.2353, auc: 0.5682
2024-11-02 11:16:17,244 - INFO - worker_0 - class 0: acc 0.925, correct 37/40
2024-11-02 11:16:17,246 - INFO - worker_0 - class 1: acc 0.18181818181818182, correct 2/11
2024-11-02 11:16:21,708 - INFO - 
worker_1: val_loss: 0.4986, val_error: 0.2800, auc: 0.7857
2024-11-02 11:16:21,708 - INFO - worker_1 - class 0: acc 0.9444444444444444, correct 34/36
2024-11-02 11:16:21,709 - INFO - worker_1 - class 1: acc 0.14285714285714285, correct 2/14
2024-11-02 11:16:21,713 - INFO - 
Total: val_loss: 0.5231, val_error: 0.2576, auc: 0.6784
2024-11-02 11:16:25,394 - INFO - 
loader_0: test_error: 0.2549, auc: 0.7683
2024-11-02 11:16:25,395 - INFO - loader_0 - class 0: acc 0.972972972972973, correct 36/37
2024-11-02 11:16:25,395 - INFO - loader_0 - class 1: acc 0.14285714285714285, correct 2/14
2024-11-02 11:16:30,684 - INFO - 
loader_1: test_error: 0.1176, auc: 0.7169
2024-11-02 11:16:30,685 - INFO - loader_1 - class 0: acc 0.9761904761904762, correct 41/42
2024-11-02 11:16:30,685 - INFO - loader_1 - class 1: acc 0.4444444444444444, correct 4/9
2024-11-02 11:16:30,692 - INFO - 
Total: test_error: 0.1863, auc: 0.7325
2024-11-02 11:17:35,882 - INFO - 
worker_0: val_loss: 0.5583, val_error: 0.1961, auc: 0.5682
2024-11-02 11:17:35,882 - INFO - worker_0 - class 0: acc 0.975, correct 39/40
2024-11-02 11:17:35,883 - INFO - worker_0 - class 1: acc 0.18181818181818182, correct 2/11
2024-11-02 11:17:41,210 - INFO - 
worker_1: val_loss: 0.5112, val_error: 0.2600, auc: 0.8016
2024-11-02 11:17:41,210 - INFO - worker_1 - class 0: acc 1.0, correct 36/36
2024-11-02 11:17:41,211 - INFO - worker_1 - class 1: acc 0.07142857142857142, correct 1/14
2024-11-02 11:17:41,216 - INFO - 
Total: val_loss: 0.5347, val_error: 0.2280, auc: 0.6900
2024-11-02 11:17:45,433 - INFO - 
loader_0: test_error: 0.2353, auc: 0.7741
2024-11-02 11:17:45,433 - INFO - loader_0 - class 0: acc 1.0, correct 37/37
2024-11-02 11:17:45,434 - INFO - loader_0 - class 1: acc 0.14285714285714285, correct 2/14
2024-11-02 11:17:49,877 - INFO - 
loader_1: test_error: 0.1176, auc: 0.7063
2024-11-02 11:17:49,878 - INFO - loader_1 - class 0: acc 1.0, correct 42/42
2024-11-02 11:17:49,878 - INFO - loader_1 - class 1: acc 0.3333333333333333, correct 3/9
2024-11-02 11:17:49,883 - INFO - 
Total: test_error: 0.1765, auc: 0.7336
2024-11-02 11:19:02,288 - INFO - 
worker_0: val_loss: 0.5758, val_error: 0.2353, auc: 0.5773
2024-11-02 11:19:02,289 - INFO - worker_0 - class 0: acc 0.975, correct 39/40
2024-11-02 11:19:02,291 - INFO - worker_0 - class 1: acc 0.0, correct 0/11
2024-11-02 11:19:06,619 - INFO - 
worker_1: val_loss: 0.5069, val_error: 0.2800, auc: 0.8175
2024-11-02 11:19:06,619 - INFO - worker_1 - class 0: acc 1.0, correct 36/36
2024-11-02 11:19:06,620 - INFO - worker_1 - class 1: acc 0.0, correct 0/14
2024-11-02 11:19:06,632 - INFO - 
Total: val_loss: 0.5413, val_error: 0.2576, auc: 0.7047
2024-11-02 11:19:11,794 - INFO - 
loader_0: test_error: 0.2353, auc: 0.7780
2024-11-02 11:19:11,795 - INFO - loader_0 - class 0: acc 1.0, correct 37/37
2024-11-02 11:19:11,795 - INFO - loader_0 - class 1: acc 0.14285714285714285, correct 2/14
2024-11-02 11:19:16,317 - INFO - 
loader_1: test_error: 0.1176, auc: 0.6905
2024-11-02 11:19:16,318 - INFO - loader_1 - class 0: acc 1.0, correct 42/42
2024-11-02 11:19:16,318 - INFO - loader_1 - class 1: acc 0.3333333333333333, correct 3/9
2024-11-02 11:19:16,322 - INFO - 
Total: test_error: 0.1765, auc: 0.7331
2024-11-02 11:20:26,079 - INFO - 
worker_0: val_loss: 0.5907, val_error: 0.2157, auc: 0.5636
2024-11-02 11:20:26,080 - INFO - worker_0 - class 0: acc 1.0, correct 40/40
2024-11-02 11:20:26,080 - INFO - worker_0 - class 1: acc 0.0, correct 0/11
2024-11-02 11:20:31,151 - INFO - 
worker_1: val_loss: 0.5471, val_error: 0.2800, auc: 0.7897
2024-11-02 11:20:31,152 - INFO - worker_1 - class 0: acc 1.0, correct 36/36
2024-11-02 11:20:31,153 - INFO - worker_1 - class 1: acc 0.0, correct 0/14
2024-11-02 11:20:31,161 - INFO - 
Total: val_loss: 0.5689, val_error: 0.2478, auc: 0.6837
2024-11-02 11:20:35,978 - INFO - 
loader_0: test_error: 0.2353, auc: 0.7857
2024-11-02 11:20:35,979 - INFO - loader_0 - class 0: acc 1.0, correct 37/37
2024-11-02 11:20:35,979 - INFO - loader_0 - class 1: acc 0.14285714285714285, correct 2/14
2024-11-02 11:20:41,269 - INFO - 
loader_1: test_error: 0.1373, auc: 0.6931
2024-11-02 11:20:41,271 - INFO - loader_1 - class 0: acc 1.0, correct 42/42
2024-11-02 11:20:41,274 - INFO - loader_1 - class 1: acc 0.2222222222222222, correct 2/9
2024-11-02 11:20:41,286 - INFO - 
Total: test_error: 0.1863, auc: 0.7342
2024-11-02 11:22:04,943 - INFO - 
worker_0: val_loss: 0.5679, val_error: 0.2157, auc: 0.5545
2024-11-02 11:22:04,944 - INFO - worker_0 - class 0: acc 0.925, correct 37/40
2024-11-02 11:22:04,945 - INFO - worker_0 - class 1: acc 0.2727272727272727, correct 3/11
2024-11-02 11:22:09,821 - INFO - 
worker_1: val_loss: 0.4907, val_error: 0.2800, auc: 0.7956
2024-11-02 11:22:09,822 - INFO - worker_1 - class 0: acc 0.9444444444444444, correct 34/36
2024-11-02 11:22:09,825 - INFO - worker_1 - class 1: acc 0.14285714285714285, correct 2/14
2024-11-02 11:22:09,838 - INFO - 
Total: val_loss: 0.5293, val_error: 0.2478, auc: 0.6800
2024-11-02 11:22:14,513 - INFO - 
loader_0: test_error: 0.2549, auc: 0.7819
2024-11-02 11:22:14,513 - INFO - loader_0 - class 0: acc 0.972972972972973, correct 36/37
2024-11-02 11:22:14,513 - INFO - loader_0 - class 1: acc 0.14285714285714285, correct 2/14
2024-11-02 11:22:19,222 - INFO - 
loader_1: test_error: 0.1765, auc: 0.6852
2024-11-02 11:22:19,224 - INFO - loader_1 - class 0: acc 0.9047619047619048, correct 38/42
2024-11-02 11:22:19,224 - INFO - loader_1 - class 1: acc 0.4444444444444444, correct 4/9
2024-11-02 11:22:19,228 - INFO - 
Total: test_error: 0.2157, auc: 0.7342
2024-11-02 11:23:35,145 - INFO - 
worker_0: val_loss: 0.5844, val_error: 0.2157, auc: 0.5568
2024-11-02 11:23:35,147 - INFO - worker_0 - class 0: acc 1.0, correct 40/40
2024-11-02 11:23:35,149 - INFO - worker_0 - class 1: acc 0.0, correct 0/11
2024-11-02 11:23:40,189 - INFO - 
worker_1: val_loss: 0.5350, val_error: 0.2800, auc: 0.7996
2024-11-02 11:23:40,190 - INFO - worker_1 - class 0: acc 1.0, correct 36/36
2024-11-02 11:23:40,190 - INFO - worker_1 - class 1: acc 0.0, correct 0/14
2024-11-02 11:23:40,201 - INFO - 
Total: val_loss: 0.5597, val_error: 0.2478, auc: 0.6826
2024-11-02 11:23:45,225 - INFO - 
loader_0: test_error: 0.2353, auc: 0.7857
2024-11-02 11:23:45,225 - INFO - loader_0 - class 0: acc 1.0, correct 37/37
2024-11-02 11:23:45,226 - INFO - loader_0 - class 1: acc 0.14285714285714285, correct 2/14
2024-11-02 11:23:50,361 - INFO - 
loader_1: test_error: 0.1373, auc: 0.6825
2024-11-02 11:23:50,362 - INFO - loader_1 - class 0: acc 1.0, correct 42/42
2024-11-02 11:23:50,362 - INFO - loader_1 - class 1: acc 0.2222222222222222, correct 2/9
2024-11-02 11:23:50,365 - INFO - 
Total: test_error: 0.1863, auc: 0.7320
2024-11-02 11:25:08,460 - INFO - 
worker_0: val_loss: 0.5808, val_error: 0.2353, auc: 0.5795
2024-11-02 11:25:08,461 - INFO - worker_0 - class 0: acc 0.975, correct 39/40
2024-11-02 11:25:08,462 - INFO - worker_0 - class 1: acc 0.0, correct 0/11
2024-11-02 11:25:13,618 - INFO - 
worker_1: val_loss: 0.5112, val_error: 0.2600, auc: 0.8115
2024-11-02 11:25:13,623 - INFO - worker_1 - class 0: acc 1.0, correct 36/36
2024-11-02 11:25:13,624 - INFO - worker_1 - class 1: acc 0.07142857142857142, correct 1/14
2024-11-02 11:25:13,652 - INFO - 
Total: val_loss: 0.5460, val_error: 0.2476, auc: 0.6921
2024-11-02 11:25:17,746 - INFO - 
loader_0: test_error: 0.2353, auc: 0.7838
2024-11-02 11:25:17,746 - INFO - loader_0 - class 0: acc 1.0, correct 37/37
2024-11-02 11:25:17,746 - INFO - loader_0 - class 1: acc 0.14285714285714285, correct 2/14
2024-11-02 11:25:21,909 - INFO - 
loader_1: test_error: 0.1176, auc: 0.6931
2024-11-02 11:25:21,910 - INFO - loader_1 - class 0: acc 1.0, correct 42/42
2024-11-02 11:25:21,910 - INFO - loader_1 - class 1: acc 0.3333333333333333, correct 3/9
2024-11-02 11:25:21,912 - INFO - 
Total: test_error: 0.1765, auc: 0.7375
2024-11-02 11:26:36,169 - INFO - 
worker_0: val_loss: 0.5903, val_error: 0.2157, auc: 0.5523
2024-11-02 11:26:36,171 - INFO - worker_0 - class 0: acc 0.925, correct 37/40
2024-11-02 11:26:36,177 - INFO - worker_0 - class 1: acc 0.2727272727272727, correct 3/11
2024-11-02 11:26:40,675 - INFO - 
worker_1: val_loss: 0.4740, val_error: 0.2600, auc: 0.8095
2024-11-02 11:26:40,677 - INFO - worker_1 - class 0: acc 0.8888888888888888, correct 32/36
2024-11-02 11:26:40,679 - INFO - worker_1 - class 1: acc 0.35714285714285715, correct 5/14
2024-11-02 11:26:40,690 - INFO - 
Total: val_loss: 0.5322, val_error: 0.2378, auc: 0.6837
2024-11-02 11:26:45,579 - INFO - 
loader_0: test_error: 0.1961, auc: 0.7819
2024-11-02 11:26:45,580 - INFO - loader_0 - class 0: acc 0.9459459459459459, correct 35/37
2024-11-02 11:26:45,580 - INFO - loader_0 - class 1: acc 0.42857142857142855, correct 6/14
2024-11-02 11:26:49,845 - INFO - 
loader_1: test_error: 0.2157, auc: 0.6958
2024-11-02 11:26:49,845 - INFO - loader_1 - class 0: acc 0.8571428571428571, correct 36/42
2024-11-02 11:26:49,845 - INFO - loader_1 - class 1: acc 0.4444444444444444, correct 4/9
2024-11-02 11:26:49,849 - INFO - 
Total: test_error: 0.2059, auc: 0.7309
2024-11-02 11:28:13,221 - INFO - 
worker_0: val_loss: 0.5853, val_error: 0.2549, auc: 0.5705
2024-11-02 11:28:13,222 - INFO - worker_0 - class 0: acc 0.95, correct 38/40
2024-11-02 11:28:13,223 - INFO - worker_0 - class 1: acc 0.0, correct 0/11
2024-11-02 11:28:17,097 - INFO - 
worker_1: val_loss: 0.5050, val_error: 0.2600, auc: 0.8175
2024-11-02 11:28:17,098 - INFO - worker_1 - class 0: acc 1.0, correct 36/36
2024-11-02 11:28:17,098 - INFO - worker_1 - class 1: acc 0.07142857142857142, correct 1/14
2024-11-02 11:28:17,105 - INFO - 
Total: val_loss: 0.5452, val_error: 0.2575, auc: 0.6963
2024-11-02 11:28:20,073 - INFO - 
loader_0: test_error: 0.2353, auc: 0.7876
2024-11-02 11:28:20,073 - INFO - loader_0 - class 0: acc 1.0, correct 37/37
2024-11-02 11:28:20,073 - INFO - loader_0 - class 1: acc 0.14285714285714285, correct 2/14
2024-11-02 11:28:24,694 - INFO - 
loader_1: test_error: 0.1176, auc: 0.6852
2024-11-02 11:28:24,696 - INFO - loader_1 - class 0: acc 1.0, correct 42/42
2024-11-02 11:28:24,696 - INFO - loader_1 - class 1: acc 0.3333333333333333, correct 3/9
2024-11-02 11:28:24,701 - INFO - 
Total: test_error: 0.1765, auc: 0.7353
2024-11-02 11:29:38,348 - INFO - 
worker_0: val_loss: 0.6162, val_error: 0.2549, auc: 0.5523
2024-11-02 11:29:38,349 - INFO - worker_0 - class 0: acc 0.95, correct 38/40
2024-11-02 11:29:38,350 - INFO - worker_0 - class 1: acc 0.0, correct 0/11
2024-11-02 11:29:41,919 - INFO - 
worker_1: val_loss: 0.5014, val_error: 0.2800, auc: 0.8155
2024-11-02 11:29:41,919 - INFO - worker_1 - class 0: acc 0.9722222222222222, correct 35/36
2024-11-02 11:29:41,919 - INFO - worker_1 - class 1: acc 0.07142857142857142, correct 1/14
2024-11-02 11:29:41,928 - INFO - 
Total: val_loss: 0.5588, val_error: 0.2675, auc: 0.6874
2024-11-02 11:29:45,844 - INFO - 
loader_0: test_error: 0.2353, auc: 0.7857
2024-11-02 11:29:45,845 - INFO - loader_0 - class 0: acc 1.0, correct 37/37
2024-11-02 11:29:45,845 - INFO - loader_0 - class 1: acc 0.14285714285714285, correct 2/14
2024-11-02 11:29:49,425 - INFO - 
loader_1: test_error: 0.1373, auc: 0.6878
2024-11-02 11:29:49,426 - INFO - loader_1 - class 0: acc 0.9761904761904762, correct 41/42
2024-11-02 11:29:49,426 - INFO - loader_1 - class 1: acc 0.3333333333333333, correct 3/9
2024-11-02 11:29:49,430 - INFO - 
Total: test_error: 0.1863, auc: 0.7325
2024-11-02 11:30:52,078 - INFO - 
worker_0: val_loss: 0.5963, val_error: 0.2157, auc: 0.5386
2024-11-02 11:30:52,078 - INFO - worker_0 - class 0: acc 0.925, correct 37/40
2024-11-02 11:30:52,080 - INFO - worker_0 - class 1: acc 0.2727272727272727, correct 3/11
2024-11-02 11:30:55,911 - INFO - 
worker_1: val_loss: 0.4838, val_error: 0.3000, auc: 0.7976
2024-11-02 11:30:55,912 - INFO - worker_1 - class 0: acc 0.9444444444444444, correct 34/36
2024-11-02 11:30:55,913 - INFO - worker_1 - class 1: acc 0.07142857142857142, correct 1/14
2024-11-02 11:30:55,923 - INFO - 
Total: val_loss: 0.5400, val_error: 0.2578, auc: 0.6747
2024-11-02 11:30:59,488 - INFO - 
loader_0: test_error: 0.2549, auc: 0.7876
2024-11-02 11:30:59,489 - INFO - loader_0 - class 0: acc 0.972972972972973, correct 36/37
2024-11-02 11:30:59,490 - INFO - loader_0 - class 1: acc 0.14285714285714285, correct 2/14
2024-11-02 11:31:03,410 - INFO - 
loader_1: test_error: 0.1765, auc: 0.6852
2024-11-02 11:31:03,411 - INFO - loader_1 - class 0: acc 0.9047619047619048, correct 38/42
2024-11-02 11:31:03,411 - INFO - loader_1 - class 1: acc 0.4444444444444444, correct 4/9
2024-11-02 11:31:03,414 - INFO - 
Total: test_error: 0.2157, auc: 0.7320
2024-11-02 11:32:07,855 - INFO - 
worker_0: val_loss: 0.6678, val_error: 0.2353, auc: 0.5159
2024-11-02 11:32:07,856 - INFO - worker_0 - class 0: acc 0.975, correct 39/40
2024-11-02 11:32:07,856 - INFO - worker_0 - class 1: acc 0.0, correct 0/11
2024-11-02 11:32:11,812 - INFO - 
worker_1: val_loss: 0.5652, val_error: 0.2600, auc: 0.7937
2024-11-02 11:32:11,813 - INFO - worker_1 - class 0: acc 1.0, correct 36/36
2024-11-02 11:32:11,814 - INFO - worker_1 - class 1: acc 0.07142857142857142, correct 1/14
2024-11-02 11:32:11,820 - INFO - 
Total: val_loss: 0.6165, val_error: 0.2476, auc: 0.6653
2024-11-02 11:32:15,172 - INFO - 
loader_0: test_error: 0.2353, auc: 0.7896
2024-11-02 11:32:15,173 - INFO - loader_0 - class 0: acc 1.0, correct 37/37
2024-11-02 11:32:15,173 - INFO - loader_0 - class 1: acc 0.14285714285714285, correct 2/14
2024-11-02 11:32:19,258 - INFO - 
loader_1: test_error: 0.1373, auc: 0.6799
2024-11-02 11:32:19,261 - INFO - loader_1 - class 0: acc 1.0, correct 42/42
2024-11-02 11:32:19,262 - INFO - loader_1 - class 1: acc 0.2222222222222222, correct 2/9
2024-11-02 11:32:19,269 - INFO - 
Total: test_error: 0.1863, auc: 0.7287
2024-11-02 11:33:24,691 - INFO - 
worker_0: val_loss: 0.6057, val_error: 0.2157, auc: 0.5295
2024-11-02 11:33:24,691 - INFO - worker_0 - class 0: acc 0.925, correct 37/40
2024-11-02 11:33:24,692 - INFO - worker_0 - class 1: acc 0.2727272727272727, correct 3/11
2024-11-02 11:33:31,702 - INFO - 
worker_1: val_loss: 0.4770, val_error: 0.3000, auc: 0.8016
2024-11-02 11:33:31,704 - INFO - worker_1 - class 0: acc 0.9166666666666666, correct 33/36
2024-11-02 11:33:31,709 - INFO - worker_1 - class 1: acc 0.14285714285714285, correct 2/14
2024-11-02 11:33:31,723 - INFO - 
Total: val_loss: 0.5414, val_error: 0.2578, auc: 0.6705
2024-11-02 11:33:38,518 - INFO - 
loader_0: test_error: 0.2549, auc: 0.7838
2024-11-02 11:33:38,523 - INFO - loader_0 - class 0: acc 0.972972972972973, correct 36/37
2024-11-02 11:33:38,524 - INFO - loader_0 - class 1: acc 0.14285714285714285, correct 2/14
2024-11-02 11:33:45,519 - INFO - 
loader_1: test_error: 0.1765, auc: 0.6852
2024-11-02 11:33:45,521 - INFO - loader_1 - class 0: acc 0.9047619047619048, correct 38/42
2024-11-02 11:33:45,521 - INFO - loader_1 - class 1: acc 0.4444444444444444, correct 4/9
2024-11-02 11:33:45,531 - INFO - 
Total: test_error: 0.2157, auc: 0.7342
2024-11-02 11:34:48,189 - INFO - 
worker_0: val_loss: 0.6434, val_error: 0.2157, auc: 0.5045
2024-11-02 11:34:48,191 - INFO - worker_0 - class 0: acc 0.95, correct 38/40
2024-11-02 11:34:48,191 - INFO - worker_0 - class 1: acc 0.18181818181818182, correct 2/11
2024-11-02 11:34:52,216 - INFO - 
worker_1: val_loss: 0.5197, val_error: 0.2800, auc: 0.8075
2024-11-02 11:34:52,217 - INFO - worker_1 - class 0: acc 0.9722222222222222, correct 35/36
2024-11-02 11:34:52,218 - INFO - worker_1 - class 1: acc 0.07142857142857142, correct 1/14
2024-11-02 11:34:52,225 - INFO - 
Total: val_loss: 0.5815, val_error: 0.2478, auc: 0.6611
2024-11-02 11:34:56,638 - INFO - 
loader_0: test_error: 0.2353, auc: 0.7954
2024-11-02 11:34:56,638 - INFO - loader_0 - class 0: acc 1.0, correct 37/37
2024-11-02 11:34:56,639 - INFO - loader_0 - class 1: acc 0.14285714285714285, correct 2/14
2024-11-02 11:35:00,501 - INFO - 
loader_1: test_error: 0.1765, auc: 0.6720
2024-11-02 11:35:00,502 - INFO - loader_1 - class 0: acc 0.9285714285714286, correct 39/42
2024-11-02 11:35:00,502 - INFO - loader_1 - class 1: acc 0.3333333333333333, correct 3/9
2024-11-02 11:35:00,508 - INFO - 
Total: test_error: 0.2059, auc: 0.7298
2024-11-02 11:36:01,571 - INFO - 
worker_0: val_loss: 0.6164, val_error: 0.2157, auc: 0.5205
2024-11-02 11:36:01,571 - INFO - worker_0 - class 0: acc 0.925, correct 37/40
2024-11-02 11:36:01,572 - INFO - worker_0 - class 1: acc 0.2727272727272727, correct 3/11
2024-11-02 11:36:05,684 - INFO - 
worker_1: val_loss: 0.4828, val_error: 0.3200, auc: 0.8016
2024-11-02 11:36:05,685 - INFO - worker_1 - class 0: acc 0.9166666666666666, correct 33/36
2024-11-02 11:36:05,686 - INFO - worker_1 - class 1: acc 0.07142857142857142, correct 1/14
2024-11-02 11:36:05,695 - INFO - 
Total: val_loss: 0.5496, val_error: 0.2678, auc: 0.6626
2024-11-02 11:36:09,215 - INFO - 
loader_0: test_error: 0.2549, auc: 0.7780
2024-11-02 11:36:09,216 - INFO - loader_0 - class 0: acc 0.972972972972973, correct 36/37
2024-11-02 11:36:09,216 - INFO - loader_0 - class 1: acc 0.14285714285714285, correct 2/14
2024-11-02 11:36:13,224 - INFO - 
loader_1: test_error: 0.1569, auc: 0.6905
2024-11-02 11:36:13,226 - INFO - loader_1 - class 0: acc 0.9285714285714286, correct 39/42
2024-11-02 11:36:13,226 - INFO - loader_1 - class 1: acc 0.4444444444444444, correct 4/9
2024-11-02 11:36:13,230 - INFO - 
Total: test_error: 0.2059, auc: 0.7325
2024-11-02 11:37:17,109 - INFO - 
worker_0: val_loss: 0.6769, val_error: 0.2157, auc: 0.4955
2024-11-02 11:37:17,110 - INFO - worker_0 - class 0: acc 1.0, correct 40/40
2024-11-02 11:37:17,110 - INFO - worker_0 - class 1: acc 0.0, correct 0/11
2024-11-02 11:37:21,010 - INFO - 
worker_1: val_loss: 0.5953, val_error: 0.2800, auc: 0.7877
2024-11-02 11:37:21,011 - INFO - worker_1 - class 0: acc 1.0, correct 36/36
2024-11-02 11:37:21,012 - INFO - worker_1 - class 1: acc 0.0, correct 0/14
2024-11-02 11:37:21,020 - INFO - 
Total: val_loss: 0.6361, val_error: 0.2478, auc: 0.6458
2024-11-02 11:37:25,127 - INFO - 
loader_0: test_error: 0.2353, auc: 0.7992
2024-11-02 11:37:25,128 - INFO - loader_0 - class 0: acc 1.0, correct 37/37
2024-11-02 11:37:25,128 - INFO - loader_0 - class 1: acc 0.14285714285714285, correct 2/14
2024-11-02 11:37:29,568 - INFO - 
loader_1: test_error: 0.1373, auc: 0.6667
2024-11-02 11:37:29,570 - INFO - loader_1 - class 0: acc 1.0, correct 42/42
2024-11-02 11:37:29,570 - INFO - loader_1 - class 1: acc 0.2222222222222222, correct 2/9
2024-11-02 11:37:29,577 - INFO - 
Total: test_error: 0.1863, auc: 0.7265
2024-11-02 11:38:36,485 - INFO - 
worker_0: val_loss: 0.6391, val_error: 0.2157, auc: 0.4955
2024-11-02 11:38:36,486 - INFO - worker_0 - class 0: acc 0.925, correct 37/40
2024-11-02 11:38:36,487 - INFO - worker_0 - class 1: acc 0.2727272727272727, correct 3/11
2024-11-02 11:38:40,567 - INFO - 
worker_1: val_loss: 0.4874, val_error: 0.3000, auc: 0.8056
2024-11-02 11:38:40,568 - INFO - worker_1 - class 0: acc 0.9166666666666666, correct 33/36
2024-11-02 11:38:40,569 - INFO - worker_1 - class 1: acc 0.14285714285714285, correct 2/14
2024-11-02 11:38:40,578 - INFO - 
Total: val_loss: 0.5633, val_error: 0.2578, auc: 0.6547
2024-11-02 11:38:44,507 - INFO - 
loader_0: test_error: 0.2745, auc: 0.8031
2024-11-02 11:38:44,507 - INFO - loader_0 - class 0: acc 0.9459459459459459, correct 35/37
2024-11-02 11:38:44,507 - INFO - loader_0 - class 1: acc 0.14285714285714285, correct 2/14
2024-11-02 11:38:48,424 - INFO - 
loader_1: test_error: 0.1765, auc: 0.6720
2024-11-02 11:38:48,425 - INFO - loader_1 - class 0: acc 0.9047619047619048, correct 38/42
2024-11-02 11:38:48,425 - INFO - loader_1 - class 1: acc 0.4444444444444444, correct 4/9
2024-11-02 11:38:48,428 - INFO - 
Total: test_error: 0.2255, auc: 0.7320
2024-11-02 11:40:00,487 - INFO - 
worker_0: val_loss: 0.6621, val_error: 0.2157, auc: 0.5068
2024-11-02 11:40:00,488 - INFO - worker_0 - class 0: acc 0.925, correct 37/40
2024-11-02 11:40:00,488 - INFO - worker_0 - class 1: acc 0.2727272727272727, correct 3/11
2024-11-02 11:40:03,863 - INFO - 
worker_1: val_loss: 0.4806, val_error: 0.2800, auc: 0.8016
2024-11-02 11:40:03,864 - INFO - worker_1 - class 0: acc 0.9166666666666666, correct 33/36
2024-11-02 11:40:03,865 - INFO - worker_1 - class 1: acc 0.21428571428571427, correct 3/14
2024-11-02 11:40:03,878 - INFO - 
Total: val_loss: 0.5714, val_error: 0.2478, auc: 0.6589
2024-11-02 11:40:07,419 - INFO - 
loader_0: test_error: 0.2745, auc: 0.8012
2024-11-02 11:40:07,419 - INFO - loader_0 - class 0: acc 0.9459459459459459, correct 35/37
2024-11-02 11:40:07,420 - INFO - loader_0 - class 1: acc 0.14285714285714285, correct 2/14
2024-11-02 11:40:10,349 - INFO - 
loader_1: test_error: 0.1765, auc: 0.6799
2024-11-02 11:40:10,350 - INFO - loader_1 - class 0: acc 0.9047619047619048, correct 38/42
2024-11-02 11:40:10,350 - INFO - loader_1 - class 1: acc 0.4444444444444444, correct 4/9
2024-11-02 11:40:10,353 - INFO - 
Total: test_error: 0.2255, auc: 0.7375
2024-11-02 11:41:05,000 - INFO - 
worker_0: val_loss: 0.7979, val_error: 0.2157, auc: 0.4750
2024-11-02 11:41:05,001 - INFO - worker_0 - class 0: acc 1.0, correct 40/40
2024-11-02 11:41:05,001 - INFO - worker_0 - class 1: acc 0.0, correct 0/11
2024-11-02 11:41:08,290 - INFO - 
worker_1: val_loss: 0.7095, val_error: 0.2800, auc: 0.7599
2024-11-02 11:41:08,291 - INFO - worker_1 - class 0: acc 1.0, correct 36/36
2024-11-02 11:41:08,292 - INFO - worker_1 - class 1: acc 0.0, correct 0/14
2024-11-02 11:41:08,298 - INFO - 
Total: val_loss: 0.7537, val_error: 0.2478, auc: 0.6263
2024-11-02 11:41:11,090 - INFO - 
loader_0: test_error: 0.2353, auc: 0.8031
2024-11-02 11:41:11,091 - INFO - loader_0 - class 0: acc 1.0, correct 37/37
2024-11-02 11:41:11,091 - INFO - loader_0 - class 1: acc 0.14285714285714285, correct 2/14
2024-11-02 11:41:13,926 - INFO - 
loader_1: test_error: 0.1373, auc: 0.6429
2024-11-02 11:41:13,926 - INFO - loader_1 - class 0: acc 1.0, correct 42/42
2024-11-02 11:41:13,926 - INFO - loader_1 - class 1: acc 0.2222222222222222, correct 2/9
2024-11-02 11:41:13,929 - INFO - 
Total: test_error: 0.1863, auc: 0.7193
2024-11-02 11:41:59,548 - INFO - 
worker_0: val_loss: 0.6935, val_error: 0.2353, auc: 0.4750
2024-11-02 11:41:59,548 - INFO - worker_0 - class 0: acc 0.95, correct 38/40
2024-11-02 11:41:59,549 - INFO - worker_0 - class 1: acc 0.09090909090909091, correct 1/11
2024-11-02 11:42:02,356 - INFO - 
worker_1: val_loss: 0.5275, val_error: 0.3000, auc: 0.7976
2024-11-02 11:42:02,357 - INFO - worker_1 - class 0: acc 0.9444444444444444, correct 34/36
2024-11-02 11:42:02,357 - INFO - worker_1 - class 1: acc 0.07142857142857142, correct 1/14
2024-11-02 11:42:02,362 - INFO - 
Total: val_loss: 0.6105, val_error: 0.2676, auc: 0.6416
2024-11-02 11:42:05,219 - INFO - 
loader_0: test_error: 0.2353, auc: 0.7973
2024-11-02 11:42:05,219 - INFO - loader_0 - class 0: acc 1.0, correct 37/37
2024-11-02 11:42:05,219 - INFO - loader_0 - class 1: acc 0.14285714285714285, correct 2/14
2024-11-02 11:42:08,058 - INFO - 
loader_1: test_error: 0.1765, auc: 0.6561
2024-11-02 11:42:08,059 - INFO - loader_1 - class 0: acc 0.9285714285714286, correct 39/42
2024-11-02 11:42:08,059 - INFO - loader_1 - class 1: acc 0.3333333333333333, correct 3/9
2024-11-02 11:42:08,061 - INFO - 
Total: test_error: 0.2059, auc: 0.7248
2024-11-02 11:42:54,201 - INFO - 
worker_0: val_loss: 0.6848, val_error: 0.2157, auc: 0.4886
2024-11-02 11:42:54,202 - INFO - worker_0 - class 0: acc 0.95, correct 38/40
2024-11-02 11:42:54,202 - INFO - worker_0 - class 1: acc 0.18181818181818182, correct 2/11
2024-11-02 11:42:56,993 - INFO - 
worker_1: val_loss: 0.5184, val_error: 0.3200, auc: 0.8036
2024-11-02 11:42:56,994 - INFO - worker_1 - class 0: acc 0.9166666666666666, correct 33/36
2024-11-02 11:42:56,995 - INFO - worker_1 - class 1: acc 0.07142857142857142, correct 1/14
2024-11-02 11:42:57,001 - INFO - 
Total: val_loss: 0.6016, val_error: 0.2678, auc: 0.6468
2024-11-02 11:42:59,916 - INFO - 
loader_0: test_error: 0.2549, auc: 0.8069
2024-11-02 11:42:59,917 - INFO - loader_0 - class 0: acc 0.972972972972973, correct 36/37
2024-11-02 11:42:59,917 - INFO - loader_0 - class 1: acc 0.14285714285714285, correct 2/14
2024-11-02 11:43:02,413 - INFO - 
loader_1: test_error: 0.1569, auc: 0.6640
2024-11-02 11:43:02,414 - INFO - loader_1 - class 0: acc 0.9285714285714286, correct 39/42
2024-11-02 11:43:02,414 - INFO - loader_1 - class 1: acc 0.4444444444444444, correct 4/9
2024-11-02 11:43:02,417 - INFO - 
Total: test_error: 0.2059, auc: 0.7314
2024-11-02 11:43:45,246 - INFO - 
worker_0: val_loss: 0.6790, val_error: 0.2157, auc: 0.4841
2024-11-02 11:43:45,247 - INFO - worker_0 - class 0: acc 0.95, correct 38/40
2024-11-02 11:43:45,247 - INFO - worker_0 - class 1: acc 0.18181818181818182, correct 2/11
2024-11-02 11:43:47,870 - INFO - 
worker_1: val_loss: 0.5222, val_error: 0.3000, auc: 0.7897
2024-11-02 11:43:47,871 - INFO - worker_1 - class 0: acc 0.9444444444444444, correct 34/36
2024-11-02 11:43:47,871 - INFO - worker_1 - class 1: acc 0.07142857142857142, correct 1/14
2024-11-02 11:43:47,875 - INFO - 
Total: val_loss: 0.6006, val_error: 0.2578, auc: 0.6379
2024-11-02 11:43:50,710 - INFO - 
loader_0: test_error: 0.2353, auc: 0.7876
2024-11-02 11:43:50,710 - INFO - loader_0 - class 0: acc 1.0, correct 37/37
2024-11-02 11:43:50,710 - INFO - loader_0 - class 1: acc 0.14285714285714285, correct 2/14
2024-11-02 11:43:53,168 - INFO - 
loader_1: test_error: 0.1961, auc: 0.6825
2024-11-02 11:43:53,169 - INFO - loader_1 - class 0: acc 0.9285714285714286, correct 39/42
2024-11-02 11:43:53,169 - INFO - loader_1 - class 1: acc 0.2222222222222222, correct 2/9
2024-11-02 11:43:53,172 - INFO - 
Total: test_error: 0.2157, auc: 0.7303
2024-11-02 11:44:39,460 - INFO - 
worker_0: val_loss: 0.6890, val_error: 0.2157, auc: 0.4886
2024-11-02 11:44:39,461 - INFO - worker_0 - class 0: acc 0.95, correct 38/40
2024-11-02 11:44:39,461 - INFO - worker_0 - class 1: acc 0.18181818181818182, correct 2/11
2024-11-02 11:44:42,100 - INFO - 
worker_1: val_loss: 0.5153, val_error: 0.3000, auc: 0.7976
2024-11-02 11:44:42,101 - INFO - worker_1 - class 0: acc 0.9444444444444444, correct 34/36
2024-11-02 11:44:42,101 - INFO - worker_1 - class 1: acc 0.07142857142857142, correct 1/14
2024-11-02 11:44:42,106 - INFO - 
Total: val_loss: 0.6022, val_error: 0.2578, auc: 0.6468
2024-11-02 11:44:44,624 - INFO - 
loader_0: test_error: 0.2353, auc: 0.7896
2024-11-02 11:44:44,625 - INFO - loader_0 - class 0: acc 1.0, correct 37/37
2024-11-02 11:44:44,625 - INFO - loader_0 - class 1: acc 0.14285714285714285, correct 2/14
2024-11-02 11:44:47,655 - INFO - 
loader_1: test_error: 0.1569, auc: 0.6905
2024-11-02 11:44:47,657 - INFO - loader_1 - class 0: acc 0.9285714285714286, correct 39/42
2024-11-02 11:44:47,658 - INFO - loader_1 - class 1: acc 0.4444444444444444, correct 4/9
2024-11-02 11:44:47,662 - INFO - 
Total: test_error: 0.1961, auc: 0.7336
2024-11-02 11:45:38,507 - INFO - 
worker_0: val_loss: 0.6616, val_error: 0.2157, auc: 0.4818
2024-11-02 11:45:38,508 - INFO - worker_0 - class 0: acc 0.95, correct 38/40
2024-11-02 11:45:38,508 - INFO - worker_0 - class 1: acc 0.18181818181818182, correct 2/11
2024-11-02 11:45:40,991 - INFO - 
worker_1: val_loss: 0.5155, val_error: 0.3000, auc: 0.7877
2024-11-02 11:45:40,991 - INFO - worker_1 - class 0: acc 0.9444444444444444, correct 34/36
2024-11-02 11:45:40,992 - INFO - worker_1 - class 1: acc 0.07142857142857142, correct 1/14
2024-11-02 11:45:40,998 - INFO - 
Total: val_loss: 0.5886, val_error: 0.2578, auc: 0.6374
2024-11-02 11:45:43,851 - INFO - 
loader_0: test_error: 0.2353, auc: 0.7973
2024-11-02 11:45:43,851 - INFO - loader_0 - class 0: acc 1.0, correct 37/37
2024-11-02 11:45:43,851 - INFO - loader_0 - class 1: acc 0.14285714285714285, correct 2/14
2024-11-02 11:45:46,520 - INFO - 
loader_1: test_error: 0.1765, auc: 0.6720
2024-11-02 11:45:46,520 - INFO - loader_1 - class 0: acc 0.9285714285714286, correct 39/42
2024-11-02 11:45:46,520 - INFO - loader_1 - class 1: acc 0.3333333333333333, correct 3/9
2024-11-02 11:45:46,523 - INFO - 
Total: test_error: 0.2059, auc: 0.7331
2024-11-02 11:46:28,978 - INFO - 
worker_0: val_loss: 0.6828, val_error: 0.2353, auc: 0.4659
2024-11-02 11:46:28,979 - INFO - worker_0 - class 0: acc 0.95, correct 38/40
2024-11-02 11:46:28,979 - INFO - worker_0 - class 1: acc 0.09090909090909091, correct 1/11
2024-11-02 11:46:31,468 - INFO - 
worker_1: val_loss: 0.5267, val_error: 0.3000, auc: 0.7917
2024-11-02 11:46:31,469 - INFO - worker_1 - class 0: acc 0.9444444444444444, correct 34/36
2024-11-02 11:46:31,469 - INFO - worker_1 - class 1: acc 0.07142857142857142, correct 1/14
2024-11-02 11:46:31,472 - INFO - 
Total: val_loss: 0.6048, val_error: 0.2676, auc: 0.6311
2024-11-02 11:46:33,945 - INFO - 
loader_0: test_error: 0.2353, auc: 0.7934
2024-11-02 11:46:33,945 - INFO - loader_0 - class 0: acc 1.0, correct 37/37
2024-11-02 11:46:33,945 - INFO - loader_0 - class 1: acc 0.14285714285714285, correct 2/14
2024-11-02 11:46:36,402 - INFO - 
loader_1: test_error: 0.1961, auc: 0.6561
2024-11-02 11:46:36,402 - INFO - loader_1 - class 0: acc 0.9285714285714286, correct 39/42
2024-11-02 11:46:36,402 - INFO - loader_1 - class 1: acc 0.2222222222222222, correct 2/9
2024-11-02 11:46:36,405 - INFO - 
Total: test_error: 0.2157, auc: 0.7265
2024-11-02 11:47:17,861 - INFO - 
worker_0: val_loss: 0.7044, val_error: 0.2157, auc: 0.4705
2024-11-02 11:47:17,861 - INFO - worker_0 - class 0: acc 0.925, correct 37/40
2024-11-02 11:47:17,862 - INFO - worker_0 - class 1: acc 0.2727272727272727, correct 3/11
2024-11-02 11:47:20,373 - INFO - 
worker_1: val_loss: 0.4783, val_error: 0.2800, auc: 0.8214
2024-11-02 11:47:20,374 - INFO - worker_1 - class 0: acc 0.9166666666666666, correct 33/36
2024-11-02 11:47:20,374 - INFO - worker_1 - class 1: acc 0.21428571428571427, correct 3/14
2024-11-02 11:47:20,388 - INFO - 
Total: val_loss: 0.5914, val_error: 0.2478, auc: 0.6521
2024-11-02 11:47:23,699 - INFO - 
loader_0: test_error: 0.2353, auc: 0.7664
2024-11-02 11:47:23,699 - INFO - loader_0 - class 0: acc 0.972972972972973, correct 36/37
2024-11-02 11:47:23,699 - INFO - loader_0 - class 1: acc 0.21428571428571427, correct 3/14
2024-11-02 11:47:26,232 - INFO - 
loader_1: test_error: 0.1765, auc: 0.6799
2024-11-02 11:47:26,233 - INFO - loader_1 - class 0: acc 0.9047619047619048, correct 38/42
2024-11-02 11:47:26,233 - INFO - loader_1 - class 1: acc 0.4444444444444444, correct 4/9
2024-11-02 11:47:26,236 - INFO - 
Total: test_error: 0.2059, auc: 0.7199
2024-11-02 11:48:07,467 - INFO - 
worker_0: val_loss: 0.7252, val_error: 0.2549, auc: 0.4659
2024-11-02 11:48:07,468 - INFO - worker_0 - class 0: acc 0.95, correct 38/40
2024-11-02 11:48:07,469 - INFO - worker_0 - class 1: acc 0.0, correct 0/11
2024-11-02 11:48:10,112 - INFO - 
worker_1: val_loss: 0.5721, val_error: 0.3200, auc: 0.8016
2024-11-02 11:48:10,113 - INFO - worker_1 - class 0: acc 0.9444444444444444, correct 34/36
2024-11-02 11:48:10,113 - INFO - worker_1 - class 1: acc 0.0, correct 0/14
2024-11-02 11:48:10,117 - INFO - 
Total: val_loss: 0.6487, val_error: 0.2875, auc: 0.6316
2024-11-02 11:48:12,687 - INFO - 
loader_0: test_error: 0.2353, auc: 0.7973
2024-11-02 11:48:12,688 - INFO - loader_0 - class 0: acc 1.0, correct 37/37
2024-11-02 11:48:12,688 - INFO - loader_0 - class 1: acc 0.14285714285714285, correct 2/14
2024-11-02 11:48:15,116 - INFO - 
loader_1: test_error: 0.1373, auc: 0.6587
2024-11-02 11:48:15,117 - INFO - loader_1 - class 0: acc 1.0, correct 42/42
2024-11-02 11:48:15,117 - INFO - loader_1 - class 1: acc 0.2222222222222222, correct 2/9
2024-11-02 11:48:15,120 - INFO - 
Total: test_error: 0.1863, auc: 0.7243
2024-11-02 11:49:00,358 - INFO - 
worker_0: val_loss: 0.7415, val_error: 0.2549, auc: 0.4705
2024-11-02 11:49:00,359 - INFO - worker_0 - class 0: acc 0.875, correct 35/40
2024-11-02 11:49:00,359 - INFO - worker_0 - class 1: acc 0.2727272727272727, correct 3/11
2024-11-02 11:49:02,969 - INFO - 
worker_1: val_loss: 0.4686, val_error: 0.2200, auc: 0.8175
2024-11-02 11:49:02,969 - INFO - worker_1 - class 0: acc 0.8888888888888888, correct 32/36
2024-11-02 11:49:02,970 - INFO - worker_1 - class 1: acc 0.5, correct 7/14
2024-11-02 11:49:02,975 - INFO - 
Total: val_loss: 0.6051, val_error: 0.2375, auc: 0.6516
2024-11-02 11:49:05,478 - INFO - 
loader_0: test_error: 0.2157, auc: 0.7722
2024-11-02 11:49:05,479 - INFO - loader_0 - class 0: acc 0.918918918918919, correct 34/37
2024-11-02 11:49:05,479 - INFO - loader_0 - class 1: acc 0.42857142857142855, correct 6/14
2024-11-02 11:49:08,072 - INFO - 
loader_1: test_error: 0.2353, auc: 0.6931
2024-11-02 11:49:08,073 - INFO - loader_1 - class 0: acc 0.8095238095238095, correct 34/42
2024-11-02 11:49:08,073 - INFO - loader_1 - class 1: acc 0.5555555555555556, correct 5/9
2024-11-02 11:49:08,075 - INFO - 
Total: test_error: 0.2255, auc: 0.7248
2024-11-02 11:49:10,569 - INFO - 
loader_0: test_error: 0.2549, auc: 0.4705
2024-11-02 11:49:10,570 - INFO - loader_0 - class 0: acc 0.875, correct 35/40
2024-11-02 11:49:10,570 - INFO - loader_0 - class 1: acc 0.2727272727272727, correct 3/11
2024-11-02 11:49:13,113 - INFO - 
loader_1: test_error: 0.2200, auc: 0.8175
2024-11-02 11:49:13,114 - INFO - loader_1 - class 0: acc 0.8888888888888888, correct 32/36
2024-11-02 11:49:13,114 - INFO - loader_1 - class 1: acc 0.5, correct 7/14
2024-11-02 11:49:13,117 - INFO - 
Total: test_error: 0.2375, auc: 0.6516
2024-11-02 11:49:15,575 - INFO - 
loader_0: test_error: 0.2157, auc: 0.7722
2024-11-02 11:49:15,576 - INFO - loader_0 - class 0: acc 0.918918918918919, correct 34/37
2024-11-02 11:49:15,576 - INFO - loader_0 - class 1: acc 0.42857142857142855, correct 6/14
2024-11-02 11:49:18,004 - INFO - 
loader_1: test_error: 0.2353, auc: 0.6931
2024-11-02 11:49:18,004 - INFO - loader_1 - class 0: acc 0.8095238095238095, correct 34/42
2024-11-02 11:49:18,004 - INFO - loader_1 - class 1: acc 0.5555555555555556, correct 5/9
2024-11-02 11:49:18,006 - INFO - 
Total: test_error: 0.2255, auc: 0.7248
